<?xml version="1.0" encoding="UTF-8"?>
<testng-results skipped="0" failed="0" total="1" passed="1">
  <reporter-output>
  </reporter-output>
  <suite name="Default suite" duration-ms="4473" started-at="2018-08-08T20:57:22Z" finished-at="2018-08-08T20:57:27Z">
    <groups>
    </groups>
    <test name="Default test" duration-ms="4473" started-at="2018-08-08T20:57:22Z" finished-at="2018-08-08T20:57:27Z">
      <class name="RestAssured.RestAssured">
        <test-method status="PASS" signature="test()[pri:0, instance:RestAssured.RestAssured@47f6473]" name="test" duration-ms="4450" started-at="2018-08-08T20:57:22Z" finished-at="2018-08-08T20:57:27Z">
        </test-method> <!-- test -->
      </class> <!-- RestAssured.RestAssured -->
    </test> <!-- Default test -->
  </suite> <!-- Default suite -->
</testng-results>
